{
  message: 'Database connected successfully',
  level: 'info',
  label: 'PHU',
  timestamp: '2023-06-06T05:33:04.257Z'
}
{
  message: 'Application app listening on port 5000',
  level: 'info',
  label: 'PHU',
  timestamp: '2023-06-06T05:33:04.316Z'
}
{
  message: 'Database connected successfully',
  level: 'info',
  label: 'PHU',
  timestamp: '2023-06-06T05:34:18.465Z'
}
{
  message: 'Application app listening on port 5000',
  level: 'info',
  label: 'PHU',
  timestamp: '2023-06-06T05:34:18.478Z'
}
{
  message: 'Database connected successfully',
  level: 'info',
  label: 'PHU',
  timestamp: '2023-06-06T05:34:28.617Z'
}
{
  message: 'Application app listening on port 5000',
  level: 'info',
  label: 'PHU',
  timestamp: '2023-06-06T05:34:28.633Z'
}
{
  message: 'Database connected successfully',
  level: 'info',
  label: 'PHU',
  timestamp: '2023-06-06T05:34:53.393Z'
}
{
  message: 'Application app listening on port 5000',
  level: 'info',
  label: 'PHU',
  timestamp: '2023-06-06T05:34:53.410Z'
}
{
  message: 'Database connected successfully',
  level: 'info',
  label: 'PHU',
  timestamp: '2023-06-06T05:43:10.849Z'
}
{
  message: 'Application app listening on port 5000',
  level: 'info',
  label: 'PHU',
  timestamp: '2023-06-06T05:43:10.883Z'
}
