{
  message: 'Database connected successfully',
  level: 'info',
  label: 'PHU',
  timestamp: '2023-06-03T17:12:28.667Z'
}
{
  message: 'Application app listening on port 5000',
  level: 'info',
  label: 'PHU',
  timestamp: '2023-06-03T17:12:28.806Z'
}
{
  message: 'Database connected successfully',
  level: 'info',
  label: 'PHU',
  timestamp: '2023-06-03T17:20:58.639Z'
}
{
  message: 'Application app listening on port 5000',
  level: 'info',
  label: 'PHU',
  timestamp: '2023-06-03T17:20:58.694Z'
}
{
  message: 'Database connected successfully',
  level: 'info',
  label: 'PHU',
  timestamp: '2023-06-03T17:24:43.409Z'
}
{
  message: 'Application app listening on port 5000',
  level: 'info',
  label: 'PHU',
  timestamp: '2023-06-03T17:24:43.446Z'
}
{
  message: 'Database connected successfully',
  level: 'info',
  label: 'PHU',
  timestamp: '2023-06-03T17:40:50.647Z'
}
{
  message: 'Application app listening on port 5000',
  level: 'info',
  label: 'PHU',
  timestamp: '2023-06-03T17:40:50.676Z'
}
{
  message: 'Database connected successfully',
  level: 'info',
  label: 'PHU',
  timestamp: '2023-06-03T17:46:22.152Z'
}
{
  message: 'Application app listening on port 5000',
  level: 'info',
  label: 'PHU',
  timestamp: '2023-06-03T17:46:22.179Z'
}
{
  message: 'Database connected successfully',
  level: 'info',
  label: 'PHU',
  timestamp: '2023-06-03T17:57:43.886Z'
}
{
  message: 'Application app listening on port 5000',
  level: 'info',
  label: 'PHU',
  timestamp: '2023-06-03T17:57:43.917Z'
}
{
  message: 'Database connected successfully',
  level: 'info',
  label: 'PHU',
  timestamp: '2023-06-03T17:59:30.389Z'
}
{
  message: 'Application app listening on port 5000',
  level: 'info',
  label: 'PHU',
  timestamp: '2023-06-03T17:59:30.449Z'
}
