{
  message: 'Database connected successfully',
  level: 'info',
  label: 'PHU',
  timestamp: '2023-06-21T10:00:12.357Z'
}
{
  message: 'Application app listening on port 5000',
  level: 'info',
  label: 'PHU',
  timestamp: '2023-06-21T10:00:12.391Z'
}
{
  message: 'Database connected successfully',
  level: 'info',
  label: 'PHU',
  timestamp: '2023-06-21T10:06:17.927Z'
}
{
  message: 'Application app listening on port 5000',
  level: 'info',
  label: 'PHU',
  timestamp: '2023-06-21T10:06:17.984Z'
}
{
  message: 'Database connected successfully',
  level: 'info',
  label: 'PHU',
  timestamp: '2023-06-21T10:06:38.234Z'
}
{
  message: 'Application app listening on port 5000',
  level: 'info',
  label: 'PHU',
  timestamp: '2023-06-21T10:06:38.274Z'
}
{
  message: 'Database connected successfully',
  level: 'info',
  label: 'PHU',
  timestamp: '2023-06-21T10:09:41.900Z'
}
{
  message: 'Application app listening on port 5000',
  level: 'info',
  label: 'PHU',
  timestamp: '2023-06-21T10:09:41.981Z'
}
{
  message: 'Database connected successfully',
  level: 'info',
  label: 'PHU',
  timestamp: '2023-06-21T10:11:41.146Z'
}
{
  message: 'Application app listening on port 5000',
  level: 'info',
  label: 'PHU',
  timestamp: '2023-06-21T10:11:41.186Z'
}
{
  message: 'Database connected successfully',
  level: 'info',
  label: 'PHU',
  timestamp: '2023-06-21T10:13:03.033Z'
}
{
  message: 'Application app listening on port 5000',
  level: 'info',
  label: 'PHU',
  timestamp: '2023-06-21T10:13:03.052Z'
}
{
  message: 'Database connected successfully',
  level: 'info',
  label: 'PHU',
  timestamp: '2023-06-21T10:13:56.646Z'
}
{
  message: 'Application app listening on port 5000',
  level: 'info',
  label: 'PHU',
  timestamp: '2023-06-21T10:13:56.680Z'
}
{
  message: 'Database connected successfully',
  level: 'info',
  label: 'PHU',
  timestamp: '2023-06-21T10:28:29.925Z'
}
{
  message: 'Application app listening on port 5000',
  level: 'info',
  label: 'PHU',
  timestamp: '2023-06-21T10:28:29.963Z'
}
{
  message: 'Database connected successfully',
  level: 'info',
  label: 'PHU',
  timestamp: '2023-06-21T10:32:20.962Z'
}
{
  message: 'Application app listening on port 5000',
  level: 'info',
  label: 'PHU',
  timestamp: '2023-06-21T10:32:21.028Z'
}
{
  message: 'Database connected successfully',
  level: 'info',
  label: 'PHU',
  timestamp: '2023-06-21T10:34:41.166Z'
}
{
  message: 'Application app listening on port 5000',
  level: 'info',
  label: 'PHU',
  timestamp: '2023-06-21T10:34:41.189Z'
}
{
  message: 'Database connected successfully',
  level: 'info',
  label: 'PHU',
  timestamp: '2023-06-21T10:36:20.526Z'
}
{
  message: 'Application app listening on port 5000',
  level: 'info',
  label: 'PHU',
  timestamp: '2023-06-21T10:36:20.700Z'
}
{
  message: 'Database connected successfully',
  level: 'info',
  label: 'PHU',
  timestamp: '2023-06-21T10:39:37.810Z'
}
{
  message: 'Application app listening on port 5000',
  level: 'info',
  label: 'PHU',
  timestamp: '2023-06-21T10:39:37.920Z'
}
{
  message: 'Database connected successfully',
  level: 'info',
  label: 'PHU',
  timestamp: '2023-06-21T10:54:11.805Z'
}
{
  message: 'Application app listening on port 5000',
  level: 'info',
  label: 'PHU',
  timestamp: '2023-06-21T10:54:11.852Z'
}
{
  message: 'Database connected successfully',
  level: 'info',
  label: 'PHU',
  timestamp: '2023-06-21T10:55:42.153Z'
}
{
  message: 'Application app listening on port 5000',
  level: 'info',
  label: 'PHU',
  timestamp: '2023-06-21T10:55:42.203Z'
}
