{
  message: 'Database connected successfully',
  level: 'info',
  label: 'PHU',
  timestamp: '2023-06-22T05:29:10.835Z'
}
{
  message: 'Application app listening on port 5000',
  level: 'info',
  label: 'PHU',
  timestamp: '2023-06-22T05:29:10.873Z'
}
{
  message: 'Database connected successfully',
  level: 'info',
  label: 'PHU',
  timestamp: '2023-06-22T05:31:29.918Z'
}
{
  message: 'Application app listening on port 5000',
  level: 'info',
  label: 'PHU',
  timestamp: '2023-06-22T05:31:29.982Z'
}
{
  message: 'Database connected successfully',
  level: 'info',
  label: 'PHU',
  timestamp: '2023-06-22T05:33:05.132Z'
}
{
  message: 'Application app listening on port 5000',
  level: 'info',
  label: 'PHU',
  timestamp: '2023-06-22T05:33:05.237Z'
}
{
  message: 'Database connected successfully',
  level: 'info',
  label: 'PHU',
  timestamp: '2023-06-22T05:34:06.482Z'
}
{
  message: 'Application app listening on port 5000',
  level: 'info',
  label: 'PHU',
  timestamp: '2023-06-22T05:34:06.587Z'
}
{
  message: 'Database connected successfully',
  level: 'info',
  label: 'PHU',
  timestamp: '2023-06-22T05:39:47.059Z'
}
{
  message: 'Application app listening on port 5000',
  level: 'info',
  label: 'PHU',
  timestamp: '2023-06-22T05:39:47.127Z'
}
{
  message: 'Database connected successfully',
  level: 'info',
  label: 'PHU',
  timestamp: '2023-06-22T05:42:52.308Z'
}
{
  message: 'Application app listening on port 5000',
  level: 'info',
  label: 'PHU',
  timestamp: '2023-06-22T05:42:52.403Z'
}
{
  message: 'Database connected successfully',
  level: 'info',
  label: 'PHU',
  timestamp: '2023-06-22T05:43:41.233Z'
}
{
  message: 'Application app listening on port 5000',
  level: 'info',
  label: 'PHU',
  timestamp: '2023-06-22T05:43:41.292Z'
}
{
  message: 'Database connected successfully',
  level: 'info',
  label: 'PHU',
  timestamp: '2023-06-22T05:48:41.884Z'
}
{
  message: 'Application app listening on port 5000',
  level: 'info',
  label: 'PHU',
  timestamp: '2023-06-22T05:48:41.959Z'
}
