{
  message: 'Database connected successfully',
  level: 'info',
  label: 'PHU',
  timestamp: '2023-09-11T13:15:52.982Z'
}
{
  message: 'Application app listening on port 5000',
  level: 'info',
  label: 'PHU',
  timestamp: '2023-09-11T13:15:53.062Z'
}
{
  message: 'Database connected successfully',
  level: 'info',
  label: 'PHU',
  timestamp: '2023-09-11T13:24:28.421Z'
}
{
  message: 'Application app listening on port 5000',
  level: 'info',
  label: 'PHU',
  timestamp: '2023-09-11T13:24:28.453Z'
}
{
  message: 'Database connected successfully',
  level: 'info',
  label: 'PHU',
  timestamp: '2023-09-11T13:33:00.221Z'
}
{
  message: 'Application app listening on port 5000',
  level: 'info',
  label: 'PHU',
  timestamp: '2023-09-11T13:33:00.264Z'
}
{
  message: 'Database connected successfully',
  level: 'info',
  label: 'PHU',
  timestamp: '2023-09-11T13:35:46.974Z'
}
{
  message: 'Application app listening on port 5000',
  level: 'info',
  label: 'PHU',
  timestamp: '2023-09-11T13:35:47.010Z'
}
{
  message: 'Database connected successfully',
  level: 'info',
  label: 'PHU',
  timestamp: '2023-09-11T13:44:39.749Z'
}
{
  message: 'Application app listening on port 5000',
  level: 'info',
  label: 'PHU',
  timestamp: '2023-09-11T13:44:39.798Z'
}
